{"level":"info","message":{"_id":"6362648f510f0876b13dcd15","createdAt":"2022-11-02T12:37:35.836Z","name":"aaas2sdaaaa","updatedAt":"2022-11-02T12:37:35.836Z"},"service":"projects-service"}
{"level":"info","message":{"_id":"6363d7ae612d9b26e7a511c9","createdAt":"2022-11-03T15:01:02.422Z","name":"aasdasdsd","updatedAt":"2022-11-03T15:01:02.422Z"},"service":"projects-service"}
{"level":"info","message":{"_id":"6363e90ccdd3c8fbc4033c84","createdAt":"2022-11-03T16:15:08.052Z","name":"Proje 2","updatedAt":"2022-11-03T16:15:08.052Z"},"service":"projects-service"}
{"level":"info","message":{"_id":"6363e915cdd3c8fbc4033c86","createdAt":"2022-11-03T16:15:17.497Z","name":"Proje 1","updatedAt":"2022-11-03T16:15:17.497Z"},"service":"projects-service"}
{"level":"info","message":{"_id":"6363e919cdd3c8fbc4033c88","createdAt":"2022-11-03T16:15:21.512Z","name":"Proje 3","updatedAt":"2022-11-03T16:15:21.512Z"},"service":"projects-service"}
{"level":"info","message":{"_id":"6363ea2e0de7161ede31c349","createdAt":"2022-11-03T16:19:58.475Z","name":"Proje 4","updatedAt":"2022-11-03T16:19:58.475Z","user_id":"6363e7ba85320494316bbe32"},"service":"projects-service"}
{"level":"info","message":{"_id":"6363ea330de7161ede31c34b","createdAt":"2022-11-03T16:20:03.672Z","name":"Proje 5","updatedAt":"2022-11-03T16:20:03.672Z","user_id":"6363e7ba85320494316bbe32"},"service":"projects-service"}
{"level":"info","message":{"_id":"6363eb0212826130cb82fc15","createdAt":"2022-11-03T16:23:30.967Z","name":"Proje 5","updatedAt":"2022-11-03T16:23:30.967Z","user_id":"6363e7ba85320494316bbe32"},"service":"projects-service"}
{"level":"info","message":{"_id":"6363eb0412826130cb82fc17","createdAt":"2022-11-03T16:23:32.232Z","name":"Proje 5","updatedAt":"2022-11-03T16:23:32.232Z","user_id":"6363e7ba85320494316bbe32"},"service":"projects-service"}
{"level":"info","message":{"_id":"6363eb0412826130cb82fc19","createdAt":"2022-11-03T16:23:32.793Z","name":"Proje 5","updatedAt":"2022-11-03T16:23:32.793Z","user_id":"6363e7ba85320494316bbe32"},"service":"projects-service"}
{"level":"info","message":{"_id":"6363eb0512826130cb82fc1b","createdAt":"2022-11-03T16:23:33.027Z","name":"Proje 5","updatedAt":"2022-11-03T16:23:33.027Z","user_id":"6363e7ba85320494316bbe32"},"service":"projects-service"}
{"level":"info","message":{"_id":"6363eb0512826130cb82fc1d","createdAt":"2022-11-03T16:23:33.239Z","name":"Proje 5","updatedAt":"2022-11-03T16:23:33.239Z","user_id":"6363e7ba85320494316bbe32"},"service":"projects-service"}
{"level":"info","message":{"_id":"6363eb0512826130cb82fc1f","createdAt":"2022-11-03T16:23:33.509Z","name":"Proje 5","updatedAt":"2022-11-03T16:23:33.509Z","user_id":"6363e7ba85320494316bbe32"},"service":"projects-service"}
{"level":"info","message":{"_id":"6363eb0b565697f69a5aaaf0","createdAt":"2022-11-03T16:23:39.117Z","name":"Proje 5","updatedAt":"2022-11-03T16:23:39.117Z","user_id":"6363e7ba85320494316bbe32"},"service":"projects-service"}
{"level":"info","message":{"_id":"6363edd4a283a53fb0f41c85","createdAt":"2022-11-03T16:35:32.682Z","name":"Proje 1","updatedAt":"2022-11-03T16:35:32.682Z","user_id":"6363e7ba85320494316bbe32"},"service":"projects-service"}
{"level":"info","message":{"_id":"6363f53b14b8adca8a985da2","createdAt":"2022-11-03T17:07:07.331Z","name":"Proje 1","updatedAt":"2022-11-03T17:07:07.331Z","user_id":"6363e7ba85320494316bbe32"},"service":"projects-service"}
{"level":"info","message":{"_id":"6363f6f4b0abd6be2621ef56","createdAt":"2022-11-03T17:14:29.009Z","name":"Proje 1-ilkayalti","updatedAt":"2022-11-03T17:14:29.009Z","user_id":"6363c1200b7baac36b66125b"},"service":"projects-service"}
{"level":"info","message":{"_id":"6363f86fe0aec99ffe8a1615","createdAt":"2022-11-03T17:20:47.025Z","name":"Yeni Proje 1","updatedAt":"2022-11-03T17:20:47.025Z","user_id":"6363e7ba85320494316bbe32"},"service":"projects-service"}
{"level":"info","message":{"_id":"63641bb514525afefd7c7a1d","createdAt":"2022-11-03T19:51:17.425Z","name":"Yeni Proje 1","updatedAt":"2022-11-03T19:51:17.425Z","user_id":"6363c1200b7baac36b66125b"},"service":"projects-service"}
{"level":"info","message":{"_id":"63641bbc14525afefd7c7a1f","createdAt":"2022-11-03T19:51:24.179Z","name":"Yeni Proje 2","updatedAt":"2022-11-03T19:51:24.179Z","user_id":"6363c1200b7baac36b66125b"},"service":"projects-service"}
{"level":"info","message":{"_id":"63641bc014525afefd7c7a21","createdAt":"2022-11-03T19:51:28.034Z","name":"Yeni Proje 3","updatedAt":"2022-11-03T19:51:28.034Z","user_id":"6363c1200b7baac36b66125b"},"service":"projects-service"}
{"level":"info","message":{"_id":"63641c1b14525afefd7c7a26","createdAt":"2022-11-03T19:52:59.409Z","name":"Yeni Proje H-1","updatedAt":"2022-11-03T19:52:59.409Z","user_id":"63641bf214525afefd7c7a23"},"service":"projects-service"}
{"level":"info","message":{"_id":"63641c1e14525afefd7c7a28","createdAt":"2022-11-03T19:53:02.883Z","name":"Yeni Proje H-2","updatedAt":"2022-11-03T19:53:02.883Z","user_id":"63641bf214525afefd7c7a23"},"service":"projects-service"}
{"level":"info","message":{"_id":"63641c2214525afefd7c7a2a","createdAt":"2022-11-03T19:53:06.910Z","name":"Yeni Proje H-3","updatedAt":"2022-11-03T19:53:06.910Z","user_id":"63641bf214525afefd7c7a23"},"service":"projects-service"}
{"level":"info","message":{"_id":"63654f0627ced3820ea60252","createdAt":"2022-11-04T17:42:30.332Z","name":"aasdfghjkl ","updatedAt":"2022-11-04T17:42:30.332Z","user_id":"63641bf214525afefd7c7a23"},"service":"projects-service"}
{"level":"info","message":{"_id":"6370dba836874fe58c048cd4","createdAt":"2022-11-13T11:57:28.234Z","name":"Proje Teest ","updatedAt":"2022-11-13T11:57:28.234Z","user_id":"6363c1200b7baac36b66125b"},"service":"projects-service"}
{"level":"info","message":{"_id":"6370dc9536874fe58c048ce1","createdAt":"2022-11-13T12:01:25.345Z","name":"Proje Teestv.1 ","updatedAt":"2022-11-13T12:01:25.345Z","user_id":"6363c1200b7baac36b66125b"},"service":"projects-service"}
{"level":"info","message":{"_id":"6370dcc436874fe58c048ceb","createdAt":"2022-11-13T12:02:12.773Z","name":"Proje Teestv.2 ","updatedAt":"2022-11-13T12:02:12.773Z","user_id":"6363c1200b7baac36b66125b"},"service":"projects-service"}
{"level":"info","message":{"_id":"638a1be5571a7c3464436bd5","createdAt":"2022-12-02T15:38:13.369Z","name":"Proje 123 ","updatedAt":"2022-12-02T15:38:13.369Z","user_id":"6363c1200b7baac36b66125b"},"service":"projects-service"}
{"level":"info","message":{"_id":"638b1fbdc9d48cc0a6505b7a","createdAt":"2022-12-03T10:06:53.831Z","name":"Pr111","updatedAt":"2022-12-03T10:06:53.831Z","user_id":"638b1f5ac9d48cc0a6505b71"},"service":"projects-service"}
